0 info it worked if it ends with ok
1 verbose cli [ 'node', '/usr/local/bin/npm', 'run', 'integration-test' ]
2 info using npm@2.0.0
3 info using node@v0.10.32
4 verbose run-script [ 'preintegration-test',
4 verbose run-script   'integration-test',
4 verbose run-script   'postintegration-test' ]
5 info preintegration-test 7digital-api@0.26.1
6 info integration-test 7digital-api@0.26.1
7 verbose unsafe-perm in lifecycle true
8 info 7digital-api@0.26.1 Failed to exec integration-test script
9 verbose stack Error: 7digital-api@0.26.1 integration-test: `mocha --recursive -R spec test-integration/`
9 verbose stack Exit status 1
9 verbose stack     at ChildProcess.<anonymous> (/usr/local/lib/node_modules/npm/lib/utils/lifecycle.js:212:16)
9 verbose stack     at ChildProcess.emit (events.js:98:17)
9 verbose stack     at maybeClose (child_process.js:756:16)
9 verbose stack     at Process.ChildProcess._handle.onexit (child_process.js:823:5)
10 verbose pkgid 7digital-api@0.26.1
11 verbose cwd /home/raoul/code/node-7digital-api
12 error Linux 3.16.2-1-ARCH
13 error argv "node" "/usr/local/bin/npm" "run" "integration-test"
14 error node v0.10.32
15 error npm  v2.0.0
16 error code ELIFECYCLE
17 error 7digital-api@0.26.1 integration-test: `mocha --recursive -R spec test-integration/`
17 error Exit status 1
18 error Failed at the 7digital-api@0.26.1 integration-test script.
18 error This is most likely a problem with the 7digital-api package,
18 error not with npm itself.
18 error Tell the author that this fails on your system:
18 error     mocha --recursive -R spec test-integration/
18 error You can get their info via:
18 error     npm owner ls 7digital-api
18 error There is likely additional logging output above.
19 verbose exit [ 1, true ]
